<?xml version="1.0" encoding="UTF-8"?>
<!-- Generated by org.testng.reporters.JUnitXMLReporter -->
<testsuite ignored="0" hostname="NX00511" failures="0" tests="4" name="LumentumLLC.Digipan" time="57.925" errors="0" timestamp="2020-11-19T21:01:31 PKT">
  <testcase classname="POMTestClasses.PasswordResetTestClass" name="resetPasswordPageAppear" time="0.02"/>
  <testcase classname="POMTestClasses.PasswordResetTestClass" name="execResetPasswordScenario" time="4.255"/>
  <testcase classname="POMTestClasses.LoginTestClass" name="testLoginPageAppear" time="0.006"/>
  <testcase classname="POMTestClasses.LoginTestClass" name="execloginDigipan" time="10.657"/>
</testsuite> <!-- LumentumLLC.Digipan -->
