<?xml version="1.0" encoding="UTF-8"?>
<testsuite xmlns:xsi="http://www.w3.org/2001/XMLSchema-instance" xsi:noNamespaceSchemaLocation="https://maven.apache.org/surefire/maven-surefire-plugin/xsd/surefire-test-report.xsd" name="TestSuite" time="43.189" tests="2" errors="0" skipped="0" failures="0">
  <properties>
[...]
</properties>
  <testcase name="testLoginPageAppear" classname="POMTestClasses.LoginTestClass" time="0.007"/>
  <testcase name="execloginDigipan" classname="POMTestClasses.LoginTestClass" time="13.095"/>
</testsuite>