<?xml version="1.0" encoding="UTF-8"?>
<testng-results ignored="0" total="4" passed="4" failed="0" skipped="0">
  <reporter-output>
  </reporter-output>
  <suite started-at="2020-11-19T21:00:33 PKT" name="LumentumLLC" finished-at="2020-11-19T21:01:31 PKT" duration-ms="57925">
    <groups>
    </groups>
    <test started-at="2020-11-19T21:00:33 PKT" name="LumentumLLC.Digipan" finished-at="2020-11-19T21:01:31 PKT" duration-ms="57925">
      <class name="POMTestClasses.LoginTestClass">
        <test-method is-config="true" signature="setUp()[pri:0, instance:POMTestClasses.LoginTestClass@28975c28]" started-at="2020-11-19T21:00:59 PKT" name="setUp" finished-at="2020-11-19T21:01:19 PKT" duration-ms="19834" status="PASS">
          <reporter-output>
          </reporter-output>
        </test-method> <!-- setUp -->
        <test-method signature="testLoginPageAppear()[pri:0, instance:POMTestClasses.LoginTestClass@28975c28]" started-at="2020-11-19T21:01:19 PKT" name="testLoginPageAppear" finished-at="2020-11-19T21:01:19 PKT" duration-ms="6" status="PASS">
          <reporter-output>
          </reporter-output>
        </test-method> <!-- testLoginPageAppear -->
        <test-method signature="execloginDigipan(java.lang.String, java.lang.String)[pri:1, instance:POMTestClasses.LoginTestClass@28975c28]" started-at="2020-11-19T21:01:19 PKT" name="execloginDigipan" data-provider="Login" finished-at="2020-11-19T21:01:30 PKT" duration-ms="10657" status="PASS">
          <params>
            <param index="0">
              <value>
                <![CDATA[zeeshan.mazhar@lumentumllc.com]]>
              </value>
            </param>
            <param index="1">
              <value>
                <![CDATA[Casuality01!]]>
              </value>
            </param>
          </params>
          <reporter-output>
          </reporter-output>
        </test-method> <!-- execloginDigipan -->
        <test-method is-config="true" signature="clsoeBrowser()[pri:0, instance:POMTestClasses.LoginTestClass@28975c28]" started-at="2020-11-19T21:01:30 PKT" name="clsoeBrowser" finished-at="2020-11-19T21:01:31 PKT" duration-ms="818" status="PASS">
          <reporter-output>
          </reporter-output>
        </test-method> <!-- clsoeBrowser -->
      </class> <!-- POMTestClasses.LoginTestClass -->
      <class name="POMTestClasses.PasswordResetTestClass">
        <test-method is-config="true" signature="setUp()[pri:0, instance:POMTestClasses.PasswordResetTestClass@ba54932]" started-at="2020-11-19T21:00:33 PKT" name="setUp" finished-at="2020-11-19T21:00:54 PKT" duration-ms="20687" status="PASS">
          <reporter-output>
          </reporter-output>
        </test-method> <!-- setUp -->
        <test-method signature="resetPasswordPageAppear()[pri:0, instance:POMTestClasses.PasswordResetTestClass@ba54932]" started-at="2020-11-19T21:00:54 PKT" name="resetPasswordPageAppear" finished-at="2020-11-19T21:00:54 PKT" duration-ms="20" status="PASS">
          <reporter-output>
          </reporter-output>
        </test-method> <!-- resetPasswordPageAppear -->
        <test-method signature="execResetPasswordScenario(java.lang.String)[pri:1, instance:POMTestClasses.PasswordResetTestClass@ba54932]" started-at="2020-11-19T21:00:54 PKT" name="execResetPasswordScenario" data-provider="ForgotPassword" finished-at="2020-11-19T21:00:59 PKT" duration-ms="4255" status="PASS">
          <params>
            <param index="0">
              <value>
                <![CDATA[zeeshan.mazhar@lumentumllc.com]]>
              </value>
            </param>
          </params>
          <reporter-output>
          </reporter-output>
        </test-method> <!-- execResetPasswordScenario -->
        <test-method is-config="true" signature="clsoeBrowser()[pri:0, instance:POMTestClasses.PasswordResetTestClass@ba54932]" started-at="2020-11-19T21:00:59 PKT" name="clsoeBrowser" finished-at="2020-11-19T21:00:59 PKT" duration-ms="773" status="PASS">
          <reporter-output>
          </reporter-output>
        </test-method> <!-- clsoeBrowser -->
      </class> <!-- POMTestClasses.PasswordResetTestClass -->
    </test> <!-- LumentumLLC.Digipan -->
  </suite> <!-- LumentumLLC -->
</testng-results>
